<?xml version="1.0" encoding="UTF-8"?>
<!-- Generated by org.testng.reporters.JUnitReportReporter -->
<testsuite skipped="0" hostname="DESKTOP-PRABHAKAR" name="com.dyt.ors.smoke.SmokeTestCases" tests="1" failures="0" timestamp="2020-06-23T13:15:29 IST" time="26.352" errors="0">
  <testcase name="TC001_addMainCategory" time="26.352" classname="com.dyt.ors.smoke.SmokeTestCases"/>
  <system-out/>
</testsuite> <!-- com.dyt.ors.smoke.SmokeTestCases -->
